[i] [13:24:11] At context IOExcel: Reading test names from excel...
[i] [13:24:11] At context IOExcel: Test list successfully loaded from excel.
[i] [13:24:11] At context IOExcel: Reading parameters from excel...
[i] [13:24:12] At context IOExcel: Test data successfully loaded from excel.
[i] [13:24:12] At context NavigateMobileWebTest: 
--- Executing ---
	Suite: NavigateMobileWebSuite
	Test case: NavigateMobileWebTest
	Description: null
	On device: emulator-5556
[i] [13:24:12] At context GenericAndroid: clearing app data...
[i] [13:24:12] At context GenericAndroid: clearing web cookies...
[i] [13:24:12] At context ReportManager: [passed] 13:24:12 09/02/2018 Clearing data of the app
[i] [13:24:12] At context ReportManager: Adding step to test execution
[i] [13:24:12] At context GenericAndroid: Navigating to 'http://www.gmanetwork.com/news/'.
[D] [13:24:54] At context NavigateMobileWebReusable: Loading reusable parameters: 0
[i] [13:24:54] At context IOReport: Angular Report will be stored in:testReport/
[i] [13:24:54] At context IOReport: Printing in json format
[D] [13:24:54] At context IOReport: TESTFOLDERPATH: testReport/tests/
[D] [13:24:54] At context IOReport: DEVICE: emulator-5556
[D] [13:24:54] At context IOReport: BUILD LIST SIZE: 6
[i] [13:24:54] At context IOReport: testList = [indra.cilantrum.report.TestIndexPojo@1]
[i] [13:24:54] At context IOReport: json reporting finished. Files are in testReport/tests/7/1.json
[D] [13:24:54] At context IOReport: TESTFOLDERPATH: testReport/tests/
[i] [13:24:54] At context DriverManager: Tearing down drivers...
