[i] [15:41:20] At context IOExcel: Reading test names from excel...
[i] [15:41:20] At context IOExcel: Test list successfully loaded from excel.
[i] [15:41:21] At context IOExcel: Reading parameters from excel...
[i] [15:41:21] At context IOExcel: Test data successfully loaded from excel.
[i] [15:41:21] At context NavigateMobileWebTest: 
--- Executing ---
	Suite: NavigateMobileWebSuite
	Test case: NavigateMobileWebTest
	Description: null
	On device: emulator-5556
[i] [15:41:21] At context GenericAndroid: Navigating to 'http://www.gmanetwork.com/news/'.
[D] [15:41:34] At context NavigateMobileWebReusable: Loading reusable parameters: 0
[i] [15:41:34] At context GenericAndroid: Hovering and pushing on "id_dropdownmenu search_component_by_id".
[i] [15:41:34] At context ObjectsSelenium: Looking for id_dropdownmenu search_component_by_id in object repository
[i] [15:41:34] At context ObjectsSelenium: Looking for dropdownMenu1 search_component_by_id in standard object library
[D] [15:41:34] At context ObjectsSelenium: //*[@id="dropdownMenu1"]
[i] [15:41:36] At context ReportManager: Obtaining screenshot of step
[i] [15:41:37] At context ReportManager: [passed] 15:41:36 09/02/2018 Hovering and pushing on "id_dropdownmenu search_component_by_id".
[i] [15:41:37] At context ReportManager: Adding step to test execution
[i] [15:41:37] At context GenericAndroid: Waiting 5 seconds.
[i] [15:41:42] At context GenericAndroid: Changing context to 'android'
[i] [15:41:42] At context ReportManager: Obtaining screenshot of step
[i] [15:41:43] At context ReportManager: [failed] 15:41:42 09/02/2018 Changing context to 'android'
[i] [15:41:43] At context ReportManager: Adding step to test execution
[E] [15:41:43] At context TestReport: Step failed so Test case too
[i] [15:41:43] At context GenericAndroid: Waiting 5 seconds.
[i] [15:41:48] At context IOReport: Angular Report will be stored in:testReport/
[i] [15:41:48] At context IOReport: Printing in json format
[D] [15:41:48] At context IOReport: TESTFOLDERPATH: testReport/tests/
[D] [15:41:48] At context IOReport: DEVICE: emulator-5556
[D] [15:41:48] At context IOReport: BUILD LIST SIZE: 27
[i] [15:41:48] At context IOReport: testList = [indra.cilantrum.report.TestIndexPojo@1]
[i] [15:41:48] At context IOReport: json reporting finished. Files are in testReport/tests/28/1.json
[D] [15:41:48] At context IOReport: TESTFOLDERPATH: testReport/tests/
[i] [15:41:48] At context DriverManager: Tearing down drivers...
