[i] [14:10:50] At context IOExcel: Reading test names from excel...
[i] [14:10:50] At context IOExcel: Test list successfully loaded from excel.
[i] [14:10:51] At context IOExcel: Reading parameters from excel...
[i] [14:10:51] At context IOExcel: Test data successfully loaded from excel.
[i] [14:10:51] At context NavigateMobileAppTest: 
--- Executing ---
	Suite: NavigateMobileAppSuite
	Test case: NavigateMobileAppTest
	Description: null
	On device: ce0617167d73a47b0d
[D] [14:10:51] At context NavigateMobileAppReusable: Loading reusable parameters: 0
[i] [14:10:51] At context GenericAndroid: Waiting 10 seconds.
[i] [14:11:01] At context GenericAndroid: Checking existence of "resourceid_main_menu search_imageview_by_resourceid".
[i] [14:11:01] At context ObjectsSelenium: Looking for resourceid_main_menu search_imageview_by_resourceid in object repository
[i] [14:11:01] At context ObjectsSelenium: Looking for android:id/home search_imageview_by_resourceid in standard object library
[D] [14:11:01] At context ObjectsSelenium: //android.widget.ImageView[@resource-id='android:id/home']
[i] [14:11:02] At context ReportManager: Obtaining screenshot of step
[i] [14:11:09] At context ReportManager: [passed] 14:11:02 23/02/2018 Main menu is displayed
[i] [14:11:09] At context ReportManager: Adding step to test execution
[i] [14:11:09] At context GenericAndroid: Checking existence of "resourceid_main_logo search_imageview_by_resourceid".
[i] [14:11:09] At context ObjectsSelenium: Looking for resourceid_main_logo search_imageview_by_resourceid in object repository
[i] [14:11:09] At context ObjectsSelenium: Looking for com.gmanmi.youscoop:id/actionbar_title search_imageview_by_resourceid in standard object library
[D] [14:11:09] At context ObjectsSelenium: //android.widget.ImageView[@resource-id='com.gmanmi.youscoop:id/actionbar_title']
[i] [14:11:10] At context ReportManager: Obtaining screenshot of step
[i] [14:11:16] At context ReportManager: [passed] 14:11:10 23/02/2018 Main logo is displayed
[i] [14:11:16] At context ReportManager: Adding step to test execution
[i] [14:11:16] At context GenericAndroid: Checking existence of "resourceid_camera_icon search_button_by_resourceid".
[i] [14:11:16] At context ObjectsSelenium: Looking for resourceid_camera_icon search_button_by_resourceid in object repository
[i] [14:11:16] At context ObjectsSelenium: Looking for com.gmanmi.youscoop:id/menu_submit_picture search_button_by_resourceid in standard object library
[D] [14:11:16] At context ObjectsSelenium: //android.widget.Button[@resource-id='com.gmanmi.youscoop:id/menu_submit_picture']
[i] [14:11:17] At context ReportManager: Obtaining screenshot of step
[i] [14:11:24] At context ReportManager: [passed] 14:11:17 23/02/2018 Camera icon is displayed
[i] [14:11:24] At context ReportManager: Adding step to test execution
[i] [14:11:24] At context GenericAndroid: Checking existence of "resourceid_home_image_list search_linearlayout_by_resourceid".
[i] [14:11:24] At context ObjectsSelenium: Looking for resourceid_home_image_list search_linearlayout_by_resourceid in object repository
[i] [14:11:24] At context ObjectsSelenium: Looking for com.gmanmi.youscoop:id/main_list search_linearlayout_by_resourceid in standard object library
[D] [14:11:24] At context ObjectsSelenium: //android.widget.LinearLayout[@resource-id='com.gmanmi.youscoop:id/main_list']
[i] [14:11:24] At context ReportManager: Obtaining screenshot of step
[i] [14:11:30] At context ReportManager: [passed] 14:11:24 23/02/2018 Image list is displayed
[i] [14:11:30] At context ReportManager: Adding step to test execution
[i] [14:11:30] At context GenericAndroid: height2792
[i] [14:11:30] At context GenericAndroid: width1440
[i] [14:11:30] At context GenericAndroid: starty2341
[i] [14:11:30] At context GenericAndroid: endy451
[i] [14:11:30] At context GenericAndroid: startx720
[i] [14:11:31] At context GenericAndroid: Swiping top to bottom
[i] [14:11:31] At context GenericAndroid: Waiting 5 seconds.
[i] [14:11:36] At context GenericAndroid: height2792
[i] [14:11:36] At context GenericAndroid: width1440
[i] [14:11:36] At context GenericAndroid: starty181
[i] [14:11:36] At context GenericAndroid: endy2611
[i] [14:11:36] At context GenericAndroid: startx720
[i] [14:11:36] At context GenericAndroid: Swiping bottom to top
[i] [14:11:36] At context GenericAndroid: Checking existence of "resourceid_main_menu search_imageview_by_resourceid".
[i] [14:11:36] At context ObjectsSelenium: Looking for resourceid_main_menu search_imageview_by_resourceid in object repository
[i] [14:11:36] At context ObjectsSelenium: Looking for android:id/home search_imageview_by_resourceid in standard object library
[D] [14:11:36] At context ObjectsSelenium: //android.widget.ImageView[@resource-id='android:id/home']
[i] [14:11:37] At context GenericAndroid: getting literal of the: resourceid_main_menu --> android:id/home
[i] [14:11:37] At context GenericAndroid: Pushing on "android:id/home".
[i] [14:11:43] At context ObjectsSelenium: Looking for resourceid_main_menu search_imageview_by_resourceid in object repository
[i] [14:11:43] At context ObjectsSelenium: Looking for android:id/home search_imageview_by_resourceid in standard object library
[D] [14:11:43] At context ObjectsSelenium: //android.widget.ImageView[@resource-id='android:id/home']
[i] [14:11:44] At context ReportManager: [passed] 14:11:37 23/02/2018 Pushing on "android:id/home".
[i] [14:11:44] At context ReportManager: Adding step to test execution
[i] [14:11:44] At context GenericAndroid: Checking existence of "index_main_menu_whatisyouscoop search_relativelayout_by_index".
[i] [14:11:44] At context ObjectsSelenium: Looking for index_main_menu_whatisyouscoop search_relativelayout_by_index in object repository
[i] [14:11:44] At context ObjectsSelenium: Looking for 3 search_relativelayout_by_index in standard object library
[D] [14:11:44] At context ObjectsSelenium: //android.widget.RelativeLayout[@index=3]
[i] [14:11:45] At context GenericAndroid: getting literal of the: index_main_menu_whatisyouscoop --> 3
[i] [14:11:45] At context GenericAndroid: Pushing on "3".
[i] [14:11:49] At context ObjectsSelenium: Looking for index_main_menu_whatisyouscoop search_relativelayout_by_index in object repository
[i] [14:11:49] At context ObjectsSelenium: Looking for 3 search_relativelayout_by_index in standard object library
[D] [14:11:49] At context ObjectsSelenium: //android.widget.RelativeLayout[@index=3]
[i] [14:11:50] At context ReportManager: [passed] 14:11:45 23/02/2018 Pushing on "3".
[i] [14:11:50] At context ReportManager: Adding step to test execution
[i] [14:11:50] At context GenericAndroid: Checking existence of "resourceid_youscooppage_header search_textview_by_resourceid".
[i] [14:11:50] At context ObjectsSelenium: Looking for resourceid_youscooppage_header search_textview_by_resourceid in object repository
[i] [14:11:50] At context ObjectsSelenium: Looking for com.gmanmi.youscoop:id/version search_textview_by_resourceid in standard object library
[D] [14:11:50] At context ObjectsSelenium: //android.widget.TextView[@resource-id='com.gmanmi.youscoop:id/version']
[i] [14:11:51] At context ReportManager: Obtaining screenshot of step
[i] [14:11:54] At context ReportManager: [passed] 14:11:51 23/02/2018 Youscoop Header info is displayed
[i] [14:11:54] At context ReportManager: Adding step to test execution
[i] [14:11:54] At context GenericAndroid: Checking existence of "resourceid_youscooppage_message_body search_textview_by_resourceid".
[i] [14:11:54] At context ObjectsSelenium: Looking for resourceid_youscooppage_message_body search_textview_by_resourceid in object repository
[i] [14:11:54] At context ObjectsSelenium: Looking for com.gmanmi.youscoop:id/custom_font search_textview_by_resourceid in standard object library
[D] [14:11:54] At context ObjectsSelenium: //android.widget.TextView[@resource-id='com.gmanmi.youscoop:id/custom_font']
[i] [14:11:54] At context ReportManager: Obtaining screenshot of step
[i] [14:11:57] At context ReportManager: [passed] 14:11:54 23/02/2018 Image list is displayed
[i] [14:11:57] At context ReportManager: Adding step to test execution
[i] [14:11:57] At context GenericAndroid: Checking existence of "resourceid_main_menu search_imageview_by_resourceid".
[i] [14:11:57] At context ObjectsSelenium: Looking for resourceid_main_menu search_imageview_by_resourceid in object repository
[i] [14:11:57] At context ObjectsSelenium: Looking for android:id/home search_imageview_by_resourceid in standard object library
[D] [14:11:57] At context ObjectsSelenium: //android.widget.ImageView[@resource-id='android:id/home']
[i] [14:11:57] At context GenericAndroid: getting literal of the: resourceid_main_menu --> android:id/home
[i] [14:11:57] At context GenericAndroid: Pushing on "android:id/home".
[i] [14:12:00] At context ObjectsSelenium: Looking for resourceid_main_menu search_imageview_by_resourceid in object repository
[i] [14:12:00] At context ObjectsSelenium: Looking for android:id/home search_imageview_by_resourceid in standard object library
[D] [14:12:00] At context ObjectsSelenium: //android.widget.ImageView[@resource-id='android:id/home']
[i] [14:12:01] At context ReportManager: [passed] 14:11:57 23/02/2018 Pushing on "android:id/home".
[i] [14:12:01] At context ReportManager: Adding step to test execution
[i] [14:12:01] At context GenericAndroid: Checking existence of "index_main_menu_faqs search_relativelayout_by_index".
[i] [14:12:01] At context ObjectsSelenium: Looking for index_main_menu_faqs search_relativelayout_by_index in object repository
[i] [14:12:01] At context ObjectsSelenium: Looking for 5 search_relativelayout_by_index in standard object library
[D] [14:12:01] At context ObjectsSelenium: //android.widget.RelativeLayout[@index=5]
[i] [14:12:02] At context GenericAndroid: getting literal of the: index_main_menu_faqs --> 5
[i] [14:12:02] At context GenericAndroid: Pushing on "5".
[i] [14:12:05] At context ObjectsSelenium: Looking for index_main_menu_faqs search_relativelayout_by_index in object repository
[i] [14:12:05] At context ObjectsSelenium: Looking for 5 search_relativelayout_by_index in standard object library
[D] [14:12:05] At context ObjectsSelenium: //android.widget.RelativeLayout[@index=5]
[i] [14:12:06] At context ReportManager: [passed] 14:12:02 23/02/2018 Pushing on "5".
[i] [14:12:06] At context ReportManager: Adding step to test execution
[i] [14:12:06] At context GenericAndroid: Checking existence of "index_faqspage_header search_textview_by_resourceid".
[i] [14:12:06] At context ObjectsSelenium: Looking for index_faqspage_header search_textview_by_resourceid in object repository
[i] [14:12:06] At context ObjectsSelenium: Looking for com.gmanmi.youscoop:id/custom_font2 search_textview_by_resourceid in standard object library
[D] [14:12:06] At context ObjectsSelenium: //android.widget.TextView[@resource-id='com.gmanmi.youscoop:id/custom_font2']
[i] [14:12:07] At context ReportManager: Obtaining screenshot of step
[i] [14:12:09] At context ReportManager: [passed] 14:12:07 23/02/2018 FAQS Header info is displayed
[i] [14:12:09] At context ReportManager: Adding step to test execution
[i] [14:12:09] At context GenericAndroid: Checking existence of "index_faqspage_first_dropdown search_relativelayout_by_index".
[i] [14:12:09] At context ObjectsSelenium: Looking for index_faqspage_first_dropdown search_relativelayout_by_index in object repository
[i] [14:12:09] At context ObjectsSelenium: Looking for 0 search_relativelayout_by_index in standard object library
[D] [14:12:09] At context ObjectsSelenium: //android.widget.RelativeLayout[@index=0]
[i] [14:12:10] At context GenericAndroid: getting literal of the: index_faqspage_first_dropdown --> 0
[i] [14:12:10] At context GenericAndroid: Pushing on "0".
[i] [14:12:12] At context ObjectsSelenium: Looking for index_faqspage_first_dropdown search_relativelayout_by_index in object repository
[i] [14:12:12] At context ObjectsSelenium: Looking for 0 search_relativelayout_by_index in standard object library
[D] [14:12:12] At context ObjectsSelenium: //android.widget.RelativeLayout[@index=0]
[i] [14:12:14] At context ReportManager: [passed] 14:12:10 23/02/2018 Pushing on "0".
[i] [14:12:14] At context ReportManager: Adding step to test execution
[i] [14:12:14] At context GenericAndroid: Checking existence of "text_faqspage_first_dropdown_body_message search_textview_by_text".
[i] [14:12:14] At context ObjectsSelenium: Looking for text_faqspage_first_dropdown_body_message search_textview_by_text in object repository
[i] [14:12:14] At context ObjectsSelenium: Looking for Almost anything search_textview_by_text in standard object library
[D] [14:12:14] At context ObjectsSelenium: //android.widget.TextView[contains(@text,'Almost anything')]
[i] [14:12:14] At context ReportManager: Obtaining screenshot of step
[i] [14:12:17] At context ReportManager: [passed] 14:12:14 23/02/2018 Dropdown body message value is displayed
[i] [14:12:17] At context ReportManager: Adding step to test execution
[i] [14:12:17] At context GenericAndroid: Checking existence of "index_faqspage_first_dropdown search_relativelayout_by_index".
[i] [14:12:17] At context ObjectsSelenium: Looking for index_faqspage_first_dropdown search_relativelayout_by_index in object repository
[i] [14:12:17] At context ObjectsSelenium: Looking for 0 search_relativelayout_by_index in standard object library
[D] [14:12:17] At context ObjectsSelenium: //android.widget.RelativeLayout[@index=0]
[i] [14:12:19] At context GenericAndroid: getting literal of the: index_faqspage_first_dropdown --> 0
[i] [14:12:19] At context GenericAndroid: Pushing on "0".
[i] [14:12:22] At context ObjectsSelenium: Looking for index_faqspage_first_dropdown search_relativelayout_by_index in object repository
[i] [14:12:22] At context ObjectsSelenium: Looking for 0 search_relativelayout_by_index in standard object library
[D] [14:12:22] At context ObjectsSelenium: //android.widget.RelativeLayout[@index=0]
[i] [14:12:22] At context ReportManager: [passed] 14:12:19 23/02/2018 Pushing on "0".
[i] [14:12:22] At context ReportManager: Adding step to test execution
[i] [14:12:22] At context GenericAndroid: Checking existence of "resourceid_main_menu search_imageview_by_resourceid".
[i] [14:12:22] At context ObjectsSelenium: Looking for resourceid_main_menu search_imageview_by_resourceid in object repository
[i] [14:12:22] At context ObjectsSelenium: Looking for android:id/home search_imageview_by_resourceid in standard object library
[D] [14:12:22] At context ObjectsSelenium: //android.widget.ImageView[@resource-id='android:id/home']
[i] [14:12:23] At context GenericAndroid: getting literal of the: resourceid_main_menu --> android:id/home
[i] [14:12:23] At context GenericAndroid: Pushing on "android:id/home".
[i] [14:12:26] At context ObjectsSelenium: Looking for resourceid_main_menu search_imageview_by_resourceid in object repository
[i] [14:12:26] At context ObjectsSelenium: Looking for android:id/home search_imageview_by_resourceid in standard object library
[D] [14:12:26] At context ObjectsSelenium: //android.widget.ImageView[@resource-id='android:id/home']
[i] [14:12:26] At context ReportManager: [passed] 14:12:23 23/02/2018 Pushing on "android:id/home".
[i] [14:12:26] At context ReportManager: Adding step to test execution
[i] [14:12:26] At context GenericAndroid: Checking existence of "index_main_menu_feeds search_relativelayout_by_index".
[i] [14:12:26] At context ObjectsSelenium: Looking for index_main_menu_feeds search_relativelayout_by_index in object repository
[i] [14:12:26] At context ObjectsSelenium: Looking for 0 search_relativelayout_by_index in standard object library
[D] [14:12:26] At context ObjectsSelenium: //android.widget.RelativeLayout[@index=0]
[i] [14:12:29] At context GenericAndroid: getting literal of the: index_main_menu_feeds --> 0
[i] [14:12:29] At context GenericAndroid: Pushing on "0".
[i] [14:12:32] At context ObjectsSelenium: Looking for index_main_menu_feeds search_relativelayout_by_index in object repository
[i] [14:12:32] At context ObjectsSelenium: Looking for 0 search_relativelayout_by_index in standard ob