[i] [11:55:00] At context IOExcel: Reading test names from excel...
[i] [11:55:00] At context IOExcel: Test list successfully loaded from excel.
[i] [11:55:01] At context IOExcel: Reading parameters from excel...
[i] [11:55:01] At context IOExcel: Test data successfully loaded from excel.
[i] [11:55:01] At context NavigateMobileWebTest: 
--- Executing ---
	Suite: NavigateMobileWebSuite
	Test case: NavigateMobileWebTest
	Description: null
	On device: emulator-5556
[i] [11:55:01] At context GenericAndroid: Navigating to 'http://www.gmanetwork.com/news/'.
[D] [11:55:05] At context NavigateMobileWebReusable: Loading reusable parameters: 0
[i] [11:55:05] At context GenericAndroid: Hovering and pushing on "side_menu menu".
[i] [11:55:05] At context ObjectsSelenium: Looking for side_menu menu in object repository
[D] [11:55:05] At context ObjectsSelenium: //*[@id="dropdownMenu1"]
[i] [11:55:06] At context ReportManager: Obtaining screenshot of step
[i] [11:55:06] At context ReportManager: [passed] 11:55:06 05/03/2018 Hovering and pushing on "side_menu menu".
[i] [11:55:06] At context ReportManager: Adding step to test execution
[i] [11:55:06] At context GenericAndroid: Waiting 3 seconds.
[i] [11:55:09] At context GenericAndroid: Hovering and pushing on "side_menu menu".
[i] [11:55:09] At context ObjectsSelenium: Looking for side_menu menu in object repository
[D] [11:55:09] At context ObjectsSelenium: //*[@id="dropdownMenu1"]
[i] [11:55:10] At context ReportManager: Obtaining screenshot of step
[i] [11:55:10] At context ReportManager: [passed] 11:55:10 05/03/2018 Hovering and pushing on "side_menu menu".
[i] [11:55:10] At context ReportManager: Adding step to test execution
[i] [11:55:10] At context GenericAndroid: Waiting 3 seconds.
[i] [11:55:13] At context GenericAndroid: Hovering and pushing on "top_menu menu".
[i] [11:55:13] At context ObjectsSelenium: Looking for top_menu menu in object repository
[D] [11:55:13] At context ObjectsSelenium: //div[contains(@class,'hdr-toggle')]/span
[i] [11:55:14] At context ReportManager: Obtaining screenshot of step
[i] [11:55:14] At context ReportManager: [passed] 11:55:14 05/03/2018 Hovering and pushing on "top_menu menu".
[i] [11:55:14] At context ReportManager: Adding step to test execution
[i] [11:55:14] At context GenericAndroid: Waiting 2 seconds.
[i] [11:55:16] At context GenericAndroid: Waiting 2 seconds.
[i] [11:55:18] At context GenericAndroid: Hovering and pushing on "search_icon icon".
[i] [11:55:18] At context ObjectsSelenium: Looking for search_icon icon in object repository
[D] [11:55:18] At context ObjectsSelenium: //div[contains(@class,'hdr-search')]/span
[i] [11:55:18] At context ReportManager: Obtaining screenshot of step
[i] [11:55:19] At context ReportManager: [passed] 11:55:18 05/03/2018 Hovering and pushing on "search_icon icon".
[i] [11:55:19] At context ReportManager: Adding step to test execution
[i] [11:55:19] At context GenericAndroid: Waiting 2 seconds.
[i] [11:55:21] At context GenericAndroid: Waiting 2 seconds.
[i] [11:55:23] At context IOReport: Angular Report will be stored in:testReport/
[i] [11:55:23] At context IOReport: Printing in json format
[D] [11:55:23] At context IOReport: TESTFOLDERPATH: testReport/tests/
[D] [11:55:23] At context IOReport: DEVICE: emulator-5556
[D] [11:55:23] At context IOReport: BUILD LIST SIZE: 54
[i] [11:55:23] At context IOReport: testList = [indra.cilantrum.report.TestIndexPojo@1]
[i] [11:55:23] At context IOReport: json reporting finished. Files are in testReport/tests/55/1.json
[D] [11:55:23] At context IOReport: TESTFOLDERPATH: testReport/tests/
[i] [11:55:23] At context DriverManager: Tearing down drivers...
